<?xml version="1.0" encoding="UTF-8"?>
<testsuite xmlns:xsi="http://www.w3.org/2001/XMLSchema-instance" xsi:noNamespaceSchemaLocation="https://maven.apache.org/surefire/maven-surefire-plugin/xsd/surefire-test-report-3.0.xsd" version="3.0" name="TestSuite" time="85.153" tests="13" errors="0" skipped="0" failures="1">
  <properties>
[...]
</properties>
  <testcase name="testcase_withVijayUser[Vijay, Pathak, Automation](1)" classname="testcases.TestcaseswithDataProvider" time="0.007">
    <system-out><![CDATA[Set up has been done
Testcase executed
Fullname:VijayPathak
Department:Automation
]]></system-out>
    <system-err><![CDATA[SLF4J: Failed to load class "org.slf4j.impl.StaticLoggerBinder".
SLF4J: Defaulting to no-operation (NOP) logger implementation
SLF4J: See http://www.slf4j.org/codes.html#StaticLoggerBinder for further details.
]]></system-err>
  </testcase>
  <testcase name="testcase_withVijayUser[Isha, I123, Manual](2)" classname="testcases.TestcaseswithDataProvider" time="0.0">
    <system-out><![CDATA[Shut down has been done. Thanks 
Set up has been done
Testcase executed
Fullname:IshaI123
Department:Manual
]]></system-out>
  </testcase>
  <testcase name="testcase_withVijayUser[Harsh, H123, Manual](3)" classname="testcases.TestcaseswithDataProvider" time="0.002">
    <system-out><![CDATA[Shut down has been done. Thanks 
Set up has been done
Testcase executed
Fullname:HarshH123
Department:Manual
]]></system-out>
  </testcase>
  <testcase name="testcase_withVijayUser[Depesh, D123, Digital](4)" classname="testcases.TestcaseswithDataProvider" time="0.002">
    <system-out><![CDATA[Shut down has been done. Thanks 
Set up has been done
Testcase executed
Fullname:DepeshD123
Department:Digital
]]></system-out>
  </testcase>
  <testcase name="testcase_withVijayUser1[Vijay](1)" classname="testcases.TestcaseswithDataProvider" time="0.001">
    <system-out><![CDATA[Shut down has been done. Thanks 
Set up has been done
Testcase executed using collection example
Fullname:Vijay
Department:
]]></system-out>
  </testcase>
  <testcase name="testcase_withVijayUser1[Isha](2)" classname="testcases.TestcaseswithDataProvider" time="0.001">
    <system-out><![CDATA[Shut down has been done. Thanks 
Set up has been done
Testcase executed using collection example
Fullname:Isha
Department:
]]></system-out>
  </testcase>
  <testcase name="testcase_withVijayUser1[Hrash](3)" classname="testcases.TestcaseswithDataProvider" time="0.0">
    <system-out><![CDATA[Shut down has been done. Thanks 
Set up has been done
Testcase executed using collection example
Fullname:Hrash
Department:
]]></system-out>
  </testcase>
  <testcase name="testcase_withVijayUser2[vijay, pathak, Automation](1)" classname="testcases.TestcaseswithDataProvider" time="0.0">
    <system-out><![CDATA[Shut down has been done. Thanks 
Set up has been done
Testcase executed using collection array example
Fullname:vijaypathak
Department:Automation
]]></system-out>
  </testcase>
  <testcase name="testcase_withVijayUser2[Harsh, Singh, Manual](2)" classname="testcases.TestcaseswithDataProvider" time="0.0">
    <system-out><![CDATA[Shut down has been done. Thanks 
Set up has been done
Testcase executed using collection array example
Fullname:HarshSingh
Department:Manual
]]></system-out>
  </testcase>
  <testcase name="testcase_withVijayUser2[Kareena, Khan, Acting](3)" classname="testcases.TestcaseswithDataProvider" time="0.001">
    <system-out><![CDATA[Shut down has been done. Thanks 
Set up has been done
Testcase executed using collection array example
Fullname:KareenaKhan
Department:Acting
]]></system-out>
  </testcase>
  <testcase name="Check_NewUser_Button_Fuctionality_LoginPage" classname="testcases.Testcases_Jenkins" time="0.008">
    <failure message="Cannot invoke &quot;pages.LoginPage.click_newuser_button()&quot; because &quot;this.loginpage&quot; is null" type="java.lang.NullPointerException"><![CDATA[java.lang.NullPointerException: Cannot invoke "pages.LoginPage.click_newuser_button()" because "this.loginpage" is null
	at testcases.Testcases_Jenkins.Check_NewUser_Button_Fuctionality_LoginPage(Testcases_Jenkins.java:75)
	at java.base/jdk.internal.reflect.NativeMethodAccessorImpl.invoke0(Native Method)
	at java.base/jdk.internal.reflect.NativeMethodAccessorImpl.invoke(NativeMethodAccessorImpl.java:77)
	at java.base/jdk.internal.reflect.DelegatingMethodAccessorImpl.invoke(DelegatingMethodAccessorImpl.java:43)
	at java.base/java.lang.reflect.Method.invoke(Method.java:568)
	at org.testng.internal.invokers.MethodInvocationHelper.invokeMethod(MethodInvocationHelper.java:139)
	at org.testng.internal.invokers.TestInvoker.invokeMethod(TestInvoker.java:664)
	at org.testng.internal.invokers.TestInvoker.invokeTestMethod(TestInvoker.java:227)
	at org.testng.internal.invokers.MethodRunner.runInSequence(MethodRunner.java:50)
	at org.testng.internal.invokers.TestInvoker$MethodInvocationAgent.invoke(TestInvoker.java:957)
	at org.testng.internal.invokers.TestInvoker.invokeTestMethods(TestInvoker.java:200)
	at org.testng.internal.invokers.TestMethodWorker.invokeTestMethods(TestMethodWorker.java:148)
	at org.testng.internal.invokers.TestMethodWorker.run(TestMethodWorker.java:128)
	at java.base/java.util.ArrayList.forEach(ArrayList.java:1511)
	at org.testng.TestRunner.privateRun(TestRunner.java:848)
	at org.testng.TestRunner.run(TestRunner.java:621)
	at org.testng.SuiteRunner.runTest(SuiteRunner.java:443)
	at org.testng.SuiteRunner.runSequentially(SuiteRunner.java:437)
	at org.testng.SuiteRunner.privateRun(SuiteRunner.java:397)
	at org.testng.SuiteRunner.run(SuiteRunner.java:336)
	at org.testng.SuiteRunnerWorker.runSuite(SuiteRunnerWorker.java:52)
	at org.testng.SuiteRunnerWorker.run(SuiteRunnerWorker.java:95)
	at org.testng.TestNG.runSuitesSequentially(TestNG.java:1280)
	at org.testng.TestNG.runSuitesLocally(TestNG.java:1200)
	at org.testng.TestNG.runSuites(TestNG.java:1114)
	at org.testng.TestNG.run(TestNG.java:1082)
	at org.apache.maven.surefire.testng.TestNGExecutor.run(TestNGExecutor.java:155)
	at org.apache.maven.surefire.testng.TestNGDirectoryTestSuite.executeMulti(TestNGDirectoryTestSuite.java:169)
	at org.apache.maven.surefire.testng.TestNGDirectoryTestSuite.execute(TestNGDirectoryTestSuite.java:88)
	at org.apache.maven.surefire.testng.TestNGProvider.invoke(TestNGProvider.java:137)
	at org.apache.maven.surefire.booter.ForkedBooter.runSuitesInProcess(ForkedBooter.java:385)
	at org.apache.maven.surefire.booter.ForkedBooter.execute(ForkedBooter.java:162)
	at org.apache.maven.surefire.booter.ForkedBooter.run(ForkedBooter.java:507)
	at org.apache.maven.surefire.booter.ForkedBooter.main(ForkedBooter.java:495)
]]></failure>
    <system-out><![CDATA[Shut down has been done. Thanks 
]]></system-out>
    <system-err><![CDATA[Jul 27, 2023 11:02:31 AM org.openqa.selenium.remote.service.DriverService$Builder getLogOutput
INFO: Driver logs no longer sent to console by default; https://www.selenium.dev/documentation/webdriver/drivers/service/#setting-log-output
Jul 27, 2023 11:02:33 AM org.openqa.selenium.devtools.CdpVersionFinder findNearestMatch
WARNING: Unable to find an exact match for CDP version 115, so returning the closest version found: 114
]]></system-err>
  </testcase>
  <testcase name="Verify_Login_text_dislayed_LoginButton" classname="testcases.Testcases_Jenkins" time="0.038">
    <system-err><![CDATA[Jul 27, 2023 11:02:54 AM org.openqa.selenium.remote.service.DriverService$Builder getLogOutput
INFO: Driver logs no longer sent to console by default; https://www.selenium.dev/documentation/webdriver/drivers/service/#setting-log-output
Jul 27, 2023 11:02:55 AM org.openqa.selenium.devtools.CdpVersionFinder findNearestMatch
WARNING: Unable to find an exact match for CDP version 115, so returning the closest version found: 114
]]></system-err>
  </testcase>
  <testcase name="Verify_UsernamePassword_Labels_LoginPage" classname="testcases.Testcases_Jenkins" time="0.069">
    <system-err><![CDATA[Jul 27, 2023 11:03:08 AM org.openqa.selenium.remote.service.DriverService$Builder getLogOutput
INFO: Driver logs no longer sent to console by default; https://www.selenium.dev/documentation/webdriver/drivers/service/#setting-log-output
Jul 27, 2023 11:03:09 AM org.openqa.selenium.devtools.CdpVersionFinder findNearestMatch
WARNING: Unable to find an exact match for CDP version 115, so returning the closest version found: 114
]]></system-err>
  </testcase>
</testsuite>