<?xml version="1.0" encoding="UTF-8"?>
<testng-results ignored="0" total="13" passed="12" failed="1" skipped="0">
  <reporter-output>
  </reporter-output>
  <suite started-at="2023-07-27T11:02:30 IST" name="Surefire suite" finished-at="2023-07-27T11:03:55 IST" duration-ms="84550">
    <groups>
    </groups>
    <test started-at="2023-07-27T11:02:30 IST" name="Surefire test" finished-at="2023-07-27T11:03:55 IST" duration-ms="84550">
      <class name="testcases.Testcases_Jenkins">
        <test-method is-config="true" signature="Driver_Setup()[pri:0, instance:testcases.Testcases_Jenkins@7f552bd3]" started-at="2023-07-27T11:02:30 IST" name="Driver_Setup" finished-at="2023-07-27T11:02:54 IST" duration-ms="23230" status="PASS">
          <reporter-output>
          </reporter-output>
        </test-method> <!-- Driver_Setup -->
        <test-method signature="Check_NewUser_Button_Fuctionality_LoginPage()[pri:0, instance:testcases.Testcases_Jenkins@7f552bd3]" started-at="2023-07-27T11:02:54 IST" name="Check_NewUser_Button_Fuctionality_LoginPage" finished-at="2023-07-27T11:02:54 IST" duration-ms="1" status="FAIL">
          <exception class="java.lang.NullPointerException">
            <message>
              <![CDATA[Cannot invoke "pages.LoginPage.click_newuser_button()" because "this.loginpage" is null]]>
            </message>
            <full-stacktrace>
              <![CDATA[java.lang.NullPointerException: Cannot invoke "pages.LoginPage.click_newuser_button()" because "this.loginpage" is null
at testcases.Testcases_Jenkins.Check_NewUser_Button_Fuctionality_LoginPage(Testcases_Jenkins.java:75)
at java.base/jdk.internal.reflect.NativeMethodAccessorImpl.invoke0(Native Method)
at java.base/jdk.internal.reflect.NativeMethodAccessorImpl.invoke(NativeMethodAccessorImpl.java:77)
at java.base/jdk.internal.reflect.DelegatingMethodAccessorImpl.invoke(DelegatingMethodAccessorImpl.java:43)
at java.base/java.lang.reflect.Method.invoke(Method.java:568)
at org.testng.internal.invokers.MethodInvocationHelper.invokeMethod(MethodInvocationHelper.java:139)
at org.testng.internal.invokers.TestInvoker.invokeMethod(TestInvoker.java:664)
at org.testng.internal.invokers.TestInvoker.invokeTestMethod(TestInvoker.java:227)
at org.testng.internal.invokers.MethodRunner.runInSequence(MethodRunner.java:50)
at org.testng.internal.invokers.TestInvoker$MethodInvocationAgent.invoke(TestInvoker.java:957)
at org.testng.internal.invokers.TestInvoker.invokeTestMethods(TestInvoker.java:200)
at org.testng.internal.invokers.TestMethodWorker.invokeTestMethods(TestMethodWorker.java:148)
at org.testng.internal.invokers.TestMethodWorker.run(TestMethodWorker.java:128)
at java.base/java.util.ArrayList.forEach(ArrayList.java:1511)
at org.testng.TestRunner.privateRun(TestRunner.java:848)
at org.testng.TestRunner.run(TestRunner.java:621)
at org.testng.SuiteRunner.runTest(SuiteRunner.java:443)
at org.testng.SuiteRunner.runSequentially(SuiteRunner.java:437)
at org.testng.SuiteRunner.privateRun(SuiteRunner.java:397)
at org.testng.SuiteRunner.run(SuiteRunner.java:336)
at org.testng.SuiteRunnerWorker.runSuite(SuiteRunnerWorker.java:52)
at org.testng.SuiteRunnerWorker.run(SuiteRunnerWorker.java:95)
at org.testng.TestNG.runSuitesSequentially(TestNG.java:1280)
at org.testng.TestNG.runSuitesLocally(TestNG.java:1200)
at org.testng.TestNG.runSuites(TestNG.java:1114)
at org.testng.TestNG.run(TestNG.java:1082)
at org.apache.maven.surefire.testng.TestNGExecutor.run(TestNGExecutor.java:155)
at org.apache.maven.surefire.testng.TestNGDirectoryTestSuite.executeMulti(TestNGDirectoryTestSuite.java:169)
at org.apache.maven.surefire.testng.TestNGDirectoryTestSuite.execute(TestNGDirectoryTestSuite.java:88)
at org.apache.maven.surefire.testng.TestNGProvider.invoke(TestNGProvider.java:137)
at org.apache.maven.surefire.booter.ForkedBooter.runSuitesInProcess(ForkedBooter.java:385)
at org.apache.maven.surefire.booter.ForkedBooter.execute(ForkedBooter.java:162)
at org.apache.maven.surefire.booter.ForkedBooter.run(ForkedBooter.java:507)
at org.apache.maven.surefire.booter.ForkedBooter.main(ForkedBooter.java:495)
]]>
            </full-stacktrace>
          </exception> <!-- java.lang.NullPointerException -->
          <reporter-output>
          </reporter-output>
        </test-method> <!-- Check_NewUser_Button_Fuctionality_LoginPage -->
        <test-method is-config="true" signature="Driver_Exit()[pri:0, instance:testcases.Testcases_Jenkins@7f552bd3]" started-at="2023-07-27T11:02:54 IST" name="Driver_Exit" finished-at="2023-07-27T11:02:54 IST" duration-ms="317" status="PASS">
          <reporter-output>
          </reporter-output>
        </test-method> <!-- Driver_Exit -->
        <test-method is-config="true" signature="tearDown()[pri:0, instance:testcases.Testcases_Jenkins@7f552bd3]" started-at="2023-07-27T11:02:54 IST" name="tearDown" finished-at="2023-07-27T11:02:54 IST" duration-ms="1" status="PASS">
          <reporter-output>
          </reporter-output>
        </test-method> <!-- tearDown -->
        <test-method is-config="true" signature="Driver_Setup()[pri:0, instance:testcases.Testcases_Jenkins@7f552bd3]" started-at="2023-07-27T11:02:54 IST" name="Driver_Setup" finished-at="2023-07-27T11:03:08 IST" duration-ms="13739" status="PASS">
          <reporter-output>
          </reporter-output>
        </test-method> <!-- Driver_Setup -->
        <test-method signature="Verify_Login_text_dislayed_LoginButton()[pri:0, instance:testcases.Testcases_Jenkins@7f552bd3]" started-at="2023-07-27T11:03:08 IST" name="Verify_Login_text_dislayed_LoginButton" finished-at="2023-07-27T11:03:08 IST" duration-ms="38" status="PASS">
          <reporter-output>
          </reporter-output>
        </test-method> <!-- Verify_Login_text_dislayed_LoginButton -->
        <test-method is-config="true" signature="Driver_Exit()[pri:0, instance:testcases.Testcases_Jenkins@7f552bd3]" started-at="2023-07-27T11:03:08 IST" name="Driver_Exit" finished-at="2023-07-27T11:03:08 IST" duration-ms="246" status="PASS">
          <reporter-output>
          </reporter-output>
        </test-method> <!-- Driver_Exit -->
        <test-method is-config="true" signature="tearDown()[pri:0, instance:testcases.Testcases_Jenkins@7f552bd3]" started-at="2023-07-27T11:03:08 IST" name="tearDown" finished-at="2023-07-27T11:03:08 IST" duration-ms="0" status="PASS">
          <reporter-output>
          </reporter-output>
        </test-method> <!-- tearDown -->
        <test-method is-config="true" signature="Driver_Setup()[pri:0, instance:testcases.Testcases_Jenkins@7f552bd3]" started-at="2023-07-27T11:03:08 IST" name="Driver_Setup" finished-at="2023-07-27T11:03:55 IST" duration-ms="46612" status="PASS">
          <reporter-output>
          </reporter-output>
        </test-method> <!-- Driver_Setup -->
        <test-method signature="Verify_UsernamePassword_Labels_LoginPage()[pri:0, instance:testcases.Testcases_Jenkins@7f552bd3]" started-at="2023-07-27T11:03:55 IST" name="Verify_UsernamePassword_Labels_LoginPage" finished-at="2023-07-27T11:03:55 IST" duration-ms="69" status="PASS">
          <reporter-output>
          </reporter-output>
        </test-method> <!-- Verify_UsernamePassword_Labels_LoginPage -->
        <test-method is-config="true" signature="Driver_Exit()[pri:0, instance:testcases.Testcases_Jenkins@7f552bd3]" started-at="2023-07-27T11:03:55 IST" name="Driver_Exit" finished-at="2023-07-27T11:03:55 IST" duration-ms="125" status="PASS">
          <reporter-output>
          </reporter-output>
        </test-method> <!-- Driver_Exit -->
        <test-method is-config="true" signature="tearDown()[pri:0, instance:testcases.Testcases_Jenkins@7f552bd3]" started-at="2023-07-27T11:03:55 IST" name="tearDown" finished-at="2023-07-27T11:03:55 IST" duration-ms="2" status="PASS">
          <reporter-output>
          </reporter-output>
        </test-method> <!-- tearDown -->
      </class> <!-- testcases.Testcases_Jenkins -->
      <class name="testcases.TestcaseswithDataProvider">
        <test-method is-config="true" signature="setup()[pri:0, instance:testcases.TestcaseswithDataProvider@4e91d63f]" started-at="2023-07-27T11:02:30 IST" name="setup" finished-at="2023-07-27T11:02:30 IST" duration-ms="8" status="PASS">
          <reporter-output>
          </reporter-output>
        </test-method> <!-- setup -->
        <test-method signature="testcase_withVijayUser(java.lang.String,java.lang.String,java.lang.String)[pri:0, instance:testcases.TestcaseswithDataProvider@4e91d63f]" started-at="2023-07-27T11:02:30 IST" name="testcase_withVijayUser" data-provider="logintestdata" finished-at="2023-07-27T11:02:30 IST" duration-ms="3" status="PASS">
          <params>
            <param index="0">
              <value>
                <![CDATA[Vijay]]>
              </value>
            </param>
            <param index="1">
              <value>
                <![CDATA[Pathak]]>
              </value>
            </param>
            <param index="2">
              <value>
                <![CDATA[Automation]]>
              </value>
            </param>
          </params>
          <reporter-output>
          </reporter-output>
        </test-method> <!-- testcase_withVijayUser -->
        <test-method is-config="true" signature="shutdown()[pri:0, instance:testcases.TestcaseswithDataProvider@4e91d63f]" started-at="2023-07-27T11:02:30 IST" name="shutdown" finished-at="2023-07-27T11:02:30 IST" duration-ms="1" status="PASS">
          <reporter-output>
          </reporter-output>
        </test-method> <!-- shutdown -->
        <test-method is-config="true" signature="setup()[pri:0, instance:testcases.TestcaseswithDataProvider@4e91d63f]" started-at="2023-07-27T11:02:30 IST" name="setup" finished-at="2023-07-27T11:02:30 IST" duration-ms="2" status="PASS">
          <reporter-output>
          </reporter-output>
        </test-method> <!-- setup -->
        <test-method signature="testcase_withVijayUser(java.lang.String,java.lang.String,java.lang.String)[pri:0, instance:testcases.TestcaseswithDataProvider@4e91d63f]" started-at="2023-07-27T11:02:30 IST" name="testcase_withVijayUser" data-provider="logintestdata" finished-at="2023-07-27T11:02:30 IST" duration-ms="2" status="PASS">
          <params>
            <param index="0">
              <value>
                <![CDATA[Isha]]>
              </value>
            </param>
            <param index="1">
              <value>
                <![CDATA[I123]]>
              </value>
            </param>
            <param index="2">
              <value>
                <![CDATA[Manual]]>
              </value>
            </param>
          </params>
          <reporter-output>
          </reporter-output>
        </test-method> <!-- testcase_withVijayUser -->
        <test-method is-config="true" signature="shutdown()[pri:0, instance:testcases.TestcaseswithDataProvider@4e91d63f]" started-at="2023-07-27T11:02:30 IST" name="shutdown" finished-at="2023-07-27T11:02:30 IST" duration-ms="1" status="PASS">
          <reporter-output>
          </reporter-output>
        </test-method> <!-- shutdown -->
        <test-method signature="testcase_withVijayUser(java.lang.String,java.lang.String,java.lang.String)[pri:0, instance:testcases.TestcaseswithDataProvider@4e91d63f]" started-at="2023-07-27T11:02:30 IST" name="testcase_withVijayUser" data-provider="logintestdata" finished-at="2023-07-27T11:02:30 IST" duration-ms="1" status="PASS">
          <params>
            <param index="0">
              <value>
                <![CDATA[Harsh]]>
              </value>
            </param>
            <param index="1">
              <value>
                <![CDATA[H123]]>
              </value>
            </param>
            <param index="2">
              <value>
                <![CDATA[Manual]]>
              </value>
            </param>
          </params>
          <reporter-output>
          </reporter-output>
        </test-method> <!-- testcase_withVijayUser -->
        <test-method is-config="true" signature="setup()[pri:0, instance:testcases.TestcaseswithDataProvider@4e91d63f]" started-at="2023-07-27T11:02:30 IST" name="setup" finished-at="2023-07-27T11:02:30 IST" duration-ms="0" status="PASS">
          <reporter-output>
          </reporter-output>
        </test-method> <!-- setup -->
        <test-method is-config="true" signature="shutdown()[pri:0, instance:testcases.TestcaseswithDataProvider@4e91d63f]" started-at="2023-07-27T11:02:30 IST" name="shutdown" finished-at="2023-07-27T11:02:30 IST" duration-ms="1" status="PASS">
          <reporter-output>
          </reporter-output>
        </test-method> <!-- shutdown -->
        <test-method is-config="true" signature="setup()[pri:0, instance:testcases.TestcaseswithDataProvider@4e91d63f]" started-at="2023-07-27T11:02:30 IST" name="setup" finished-at="2023-07-27T11:02:30 IST" duration-ms="1" status="PASS">
          <reporter-output>
          </reporter-output>
        </test-method> <!-- setup -->
        <test-method signature="testcase_withVijayUser(java.lang.String,java.lang.String,java.lang.String)[pri:0, instance:testcases.TestcaseswithDataProvider@4e91d63f]" started-at="2023-07-27T11:02:30 IST" name="testcase_withVijayUser" data-provider="logintestdata" finished-at="2023-07-27T11:02:30 IST" duration-ms="2" status="PASS">
          <params>
            <param index="0">
              <value>
                <![CDATA[Depesh]]>
              </value>
            </param>
            <param index="1">
              <value>
                <![CDATA[D123]]>
              </value>
            </param>
            <param index="2">
              <value>
                <![CDATA[Digital]]>
              </value>
            </param>
          </params>
          <reporter-output>
          </reporter-output>
        </test-method> <!-- testcase_withVijayUser -->
        <test-method is-config="true" signature="shutdown()[pri:0, instance:testcases.TestcaseswithDataProvider@4e91d63f]" started-at="2023-07-27T11:02:30 IST" name="shutdown" finished-at="2023-07-27T11:02:30 IST" duration-ms="1" status="PASS">
          <reporter-output>
          </reporter-output>
        </test-method> <!-- shutdown -->
        <test-method signature="testcase_withVijayUser1(java.lang.String)[pri:0, instance:testcases.TestcaseswithDataProvider@4e91d63f]" started-at="2023-07-27T11:02:30 IST" name="testcase_withVijayUser1" data-provider="logintestdata1" finished-at="2023-07-27T11:02:30 IST" duration-ms="1" status="PASS">
          <params>
            <param index="0">
              <value>
                <![CDATA[Vijay]]>
              </value>
            </param>
          </params>
          <reporter-output>
          </reporter-output>
        </test-method> <!-- testcase_withVijayUser1 -->
        <test-method is-config="true" signature="setup()[pri:0, instance:testcases.TestcaseswithDataProvider@4e91d63f]" started-at="2023-07-27T11:02:30 IST" name="setup" finished-at="2023-07-27T11:02:30 IST" duration-ms="0" status="PASS">
          <reporter-output>
          </reporter-output>
        </test-method> <!-- setup -->
        <test-method is-config="true" signature="shutdown()[pri:0, instance:testcases.TestcaseswithDataProvider@4e91d63f]" started-at="2023-07-27T11:02:30 IST" name="shutdown" finished-at="2023-07-27T11:02:30 IST" duration-ms="1" status="PASS">
          <reporter-output>
          </reporter-output>
        </test-method> <!-- shutdown -->
        <test-method is-config="true" signature="setup()[pri:0, instance:testcases.TestcaseswithDataProvider@4e91d63f]" started-at="2023-07-27T11:02:30 IST" name="setup" finished-at="2023-07-27T11:02:30 IST" duration-ms="0" status="PASS">
          <reporter-output>
          </reporter-output>
        </test-method> <!-- setup -->
        <test-method signature="testcase_withVijayUser1(java.lang.String)[pri:0, instance:testcases.TestcaseswithDataProvider@4e91d63f]" started-at="2023-07-27T11:02:30 IST" name="testcase_withVijayUser1" data-provider="logintestdata1" finished-at="2023-07-27T11:02:30 IST" duration-ms="1" status="PASS">
          <params>
            <param index="0">
              <value>
                <![CDATA[Isha]]>
              </value>
            </param>
          </params>
          <reporter-output>
          </reporter-output>
        </test-method> <!-- testcase_withVijayUser1 -->
        <test-method is-config="true" signature="shutdown()[pri:0, instance:testcases.TestcaseswithDataProvider@4e91d63f]" started-at="2023-07-27T11:02:30 IST" name="shutdown" finished-at="2023-07-27T11:02:30 IST" duration-ms="0" status="PASS">
          <reporter-output>
          </reporter-output>
        </test-method> <!-- shutdown -->
        <test-method is-config="true" signature="setup()[pri:0, instance:testcases.TestcaseswithDataProvider@4e91d63f]" started-at="2023-07-27T11:02:30 IST" name="setup" finished-at="2023-07-27T11:02:30 IST" duration-ms="2" status="PASS">
          <reporter-output>
          </reporter-output>
        </test-method> <!-- setup -->
        <test-method signature="testcase_withVijayUser1(java.lang.String)[pri:0, instance:testcases.TestcaseswithDataProvider@4e91d63f]" started-at="2023-07-27T11:02:30 IST" name="testcase_withVijayUser1" data-provider="logintestdata1" finished-at="2023-07-27T11:02:30 IST" duration-ms="1" status="PASS">
          <params>
            <param index="0">
              <value>
                <![CDATA[Hrash]]>
              </value>
            </param>
          </params>
          <reporter-output>
          </reporter-output>
        </test-method> <!-- testcase_withVijayUser1 -->
        <test-method is-config="true" signature="shutdown()[pri:0, instance:testcases.TestcaseswithDataProvider@4e91d63f]" started-at="2023-07-27T11:02:30 IST" name="shutdown" finished-at="2023-07-27T11:02:30 IST" duration-ms="0" status="PASS">
          <reporter-output>
          </reporter-output>
        </test-method> <!-- shutdown -->
        <test-method is-config="true" signature="setup()[pri:0, instance:testcases.TestcaseswithDataProvider@4e91d63f]" started-at="2023-07-27T11:02:30 IST" name="setup" finished-at="2023-07-27T11:02:30 IST" duration-ms="1" status="PASS">
          <reporter-output>
          </reporter-output>
        </test-method> <!-- setup -->
        <test-method signature="testcase_withVijayUser2(java.lang.String,java.lang.String,java.lang.String)[pri:0, instance:testcases.TestcaseswithDataProvider@4e91d63f]" started-at="2023-07-27T11:02:30 IST" name="testcase_withVijayUser2" data-provider="logintestdata2" finished-at="2023-07-27T11:02:30 IST" duration-ms="0" status="PASS">
          <params>
            <param index="0">
              <value>
                <![CDATA[vijay]]>
              </value>
            </param>
            <param index="1">
              <value>
                <![CDATA[pathak]]>
              </value>
            </param>
            <param index="2">
              <value>
                <![CDATA[Automation]]>
              </value>
            </param>
          </params>
          <reporter-output>
          </reporter-output>
        </test-method> <!-- testcase_withVijayUser2 -->
        <test-method is-config="true" signature="shutdown()[pri:0, instance:testcases.TestcaseswithDataProvider@4e91d63f]" started-at="2023-07-27T11:02:30 IST" name="shutdown" finished-at="2023-07-27T11:02:30 IST" duration-ms="1" status="PASS">
          <reporter-output>
          </reporter-output>
        </test-method> <!-- shutdown -->
        <test-method is-config="true" signature="setup()[pri:0, instance:testcases.TestcaseswithDataProvider@4e91d63f]" started-at="2023-07-27T11:02:30 IST" name="setup" finished-at="2023-07-27T11:02:30 IST" duration-ms="1" status="PASS">
          <reporter-output>
          </reporter-output>
        </test-method> <!-- setup -->
        <test-method signature="testcase_withVijayUser2(java.lang.String,java.lang.String,java.lang.String)[pri:0, instance:testcases.TestcaseswithDataProvider@4e91d63f]" started-at="2023-07-27T11:02:30 IST" name="testcase_withVijayUser2" data-provider="logintestdata2" finished-at="2023-07-27T11:02:30 IST" duration-ms="1" status="PASS">
          <params>
            <param index="0">
              <value>
                <![CDATA[Harsh]]>
              </value>
            </param>
            <param index="1">
              <value>
                <![CDATA[Singh]]>
              </value>
            </param>
            <param index="2">
              <value>
                <![CDATA[Manual]]>
              </value>
            </param>
          </params>
          <reporter-output>
          </reporter-output>
        </test-method> <!-- testcase_withVijayUser2 -->
        <test-method is-config="true" signature="shutdown()[pri:0, instance:testcases.TestcaseswithDataProvider@4e91d63f]" started-at="2023-07-27T11:02:30 IST" name="shutdown" finished-at="2023-07-27T11:02:30 IST" duration-ms="2" status="PASS">
          <reporter-output>
          </reporter-output>
        </test-method> <!-- shutdown -->
        <test-method is-config="true" signature="setup()[pri:0, instance:testcases.TestcaseswithDataProvider@4e91d63f]" started-at="2023-07-27T11:02:30 IST" name="setup" finished-at="2023-07-27T11:02:30 IST" duration-ms="1" status="PASS">
          <reporter-output>
          </reporter-output>
        </test-method> <!-- setup -->
        <test-method signature="testcase_withVijayUser2(java.lang.String,java.lang.String,java.lang.String)[pri:0, instance:testcases.TestcaseswithDataProvider@4e91d63f]" started-at="2023-07-27T11:02:30 IST" name="testcase_withVijayUser2" data-provider="logintestdata2" finished-at="2023-07-27T11:02:30 IST" duration-ms="1" status="PASS">
          <params>
            <param index="0">
              <value>
                <![CDATA[Kareena]]>
              </value>
            </param>
            <param index="1">
              <value>
                <![CDATA[Khan]]>
              </value>
            </param>
            <param index="2">
              <value>
                <![CDATA[Acting]]>
              </value>
            </param>
          </params>
          <reporter-output>
          </reporter-output>
        </test-method> <!-- testcase_withVijayUser2 -->
        <test-method is-config="true" signature="shutdown()[pri:0, instance:testcases.TestcaseswithDataProvider@4e91d63f]" started-at="2023-07-27T11:02:30 IST" name="shutdown" finished-at="2023-07-27T11:02:30 IST" duration-ms="1" status="PASS">
          <reporter-output>
          </reporter-output>
        </test-method> <!-- shutdown -->
      </class> <!-- testcases.TestcaseswithDataProvider -->
    </test> <!-- Surefire test -->
  </suite> <!-- Surefire suite -->
</testng-results>
