<?xml version="1.0" encoding="UTF-8"?>
<testng-results ignored="0" total="3" passed="2" failed="1" skipped="0">
  <reporter-output>
  </reporter-output>
  <suite started-at="2023-07-27T11:00:16 IST" name="Default suite" finished-at="2023-07-27T11:01:02 IST" duration-ms="46326">
    <groups>
    </groups>
    <test started-at="2023-07-27T11:00:16 IST" name="Default test" finished-at="2023-07-27T11:01:02 IST" duration-ms="46326">
      <class name="testcases.Testcases_Jenkins">
        <test-method is-config="true" signature="Driver_Setup()[pri:0, instance:testcases.Testcases_Jenkins@5677323c]" started-at="2023-07-27T11:00:16 IST" name="Driver_Setup" finished-at="2023-07-27T11:00:25 IST" duration-ms="9383" status="PASS">
          <reporter-output>
          </reporter-output>
        </test-method> <!-- Driver_Setup -->
        <test-method signature="Check_NewUser_Button_Fuctionality_LoginPage()[pri:0, instance:testcases.Testcases_Jenkins@5677323c]" started-at="2023-07-27T11:00:25 IST" name="Check_NewUser_Button_Fuctionality_LoginPage" finished-at="2023-07-27T11:00:25 IST" duration-ms="14" status="FAIL">
          <exception class="java.lang.NullPointerException">
            <message>
              <![CDATA[Cannot invoke "pages.LoginPage.click_newuser_button()" because "this.loginpage" is null]]>
            </message>
            <full-stacktrace>
              <![CDATA[java.lang.NullPointerException: Cannot invoke "pages.LoginPage.click_newuser_button()" because "this.loginpage" is null
at testcases.Testcases_Jenkins.Check_NewUser_Button_Fuctionality_LoginPage(Testcases_Jenkins.java:75)
at java.base/jdk.internal.reflect.NativeMethodAccessorImpl.invoke0(Native Method)
at java.base/jdk.internal.reflect.NativeMethodAccessorImpl.invoke(NativeMethodAccessorImpl.java:77)
at java.base/jdk.internal.reflect.DelegatingMethodAccessorImpl.invoke(DelegatingMethodAccessorImpl.java:43)
at java.base/java.lang.reflect.Method.invoke(Method.java:568)
at org.testng.internal.invokers.MethodInvocationHelper.invokeMethod(MethodInvocationHelper.java:139)
at org.testng.internal.invokers.TestInvoker.invokeMethod(TestInvoker.java:664)
at org.testng.internal.invokers.TestInvoker.invokeTestMethod(TestInvoker.java:227)
at org.testng.internal.invokers.MethodRunner.runInSequence(MethodRunner.java:50)
at org.testng.internal.invokers.TestInvoker$MethodInvocationAgent.invoke(TestInvoker.java:957)
at org.testng.internal.invokers.TestInvoker.invokeTestMethods(TestInvoker.java:200)
at org.testng.internal.invokers.TestMethodWorker.invokeTestMethods(TestMethodWorker.java:148)
at org.testng.internal.invokers.TestMethodWorker.run(TestMethodWorker.java:128)
at java.base/java.util.ArrayList.forEach(ArrayList.java:1511)
at org.testng.TestRunner.privateRun(TestRunner.java:848)
at org.testng.TestRunner.run(TestRunner.java:621)
at org.testng.SuiteRunner.runTest(SuiteRunner.java:443)
at org.testng.SuiteRunner.runSequentially(SuiteRunner.java:437)
at org.testng.SuiteRunner.privateRun(SuiteRunner.java:397)
at org.testng.SuiteRunner.run(SuiteRunner.java:336)
at org.testng.SuiteRunnerWorker.runSuite(SuiteRunnerWorker.java:52)
at org.testng.SuiteRunnerWorker.run(SuiteRunnerWorker.java:95)
at org.testng.TestNG.runSuitesSequentially(TestNG.java:1280)
at org.testng.TestNG.runSuitesLocally(TestNG.java:1200)
at org.testng.TestNG.runSuites(TestNG.java:1114)
at org.testng.TestNG.run(TestNG.java:1082)
at org.testng.remote.AbstractRemoteTestNG.run(AbstractRemoteTestNG.java:115)
at org.testng.remote.RemoteTestNG.initAndRun(RemoteTestNG.java:251)
at org.testng.remote.RemoteTestNG.main(RemoteTestNG.java:77)
]]>
            </full-stacktrace>
          </exception> <!-- java.lang.NullPointerException -->
          <reporter-output>
          </reporter-output>
        </test-method> <!-- Check_NewUser_Button_Fuctionality_LoginPage -->
        <test-method is-config="true" signature="Driver_Exit()[pri:0, instance:testcases.Testcases_Jenkins@5677323c]" started-at="2023-07-27T11:00:25 IST" name="Driver_Exit" finished-at="2023-07-27T11:00:26 IST" duration-ms="327" status="PASS">
          <reporter-output>
          </reporter-output>
        </test-method> <!-- Driver_Exit -->
        <test-method is-config="true" signature="tearDown()[pri:0, instance:testcases.Testcases_Jenkins@5677323c]" started-at="2023-07-27T11:00:26 IST" name="tearDown" finished-at="2023-07-27T11:00:26 IST" duration-ms="1" status="PASS">
          <reporter-output>
          </reporter-output>
        </test-method> <!-- tearDown -->
        <test-method is-config="true" signature="Driver_Setup()[pri:0, instance:testcases.Testcases_Jenkins@5677323c]" started-at="2023-07-27T11:00:26 IST" name="Driver_Setup" finished-at="2023-07-27T11:00:35 IST" duration-ms="9812" status="PASS">
          <reporter-output>
          </reporter-output>
        </test-method> <!-- Driver_Setup -->
        <test-method signature="Verify_Login_text_dislayed_LoginButton()[pri:0, instance:testcases.Testcases_Jenkins@5677323c]" started-at="2023-07-27T11:00:35 IST" name="Verify_Login_text_dislayed_LoginButton" finished-at="2023-07-27T11:00:35 IST" duration-ms="40" status="PASS">
          <reporter-output>
          </reporter-output>
        </test-method> <!-- Verify_Login_text_dislayed_LoginButton -->
        <test-method is-config="true" signature="Driver_Exit()[pri:0, instance:testcases.Testcases_Jenkins@5677323c]" started-at="2023-07-27T11:00:35 IST" name="Driver_Exit" finished-at="2023-07-27T11:00:36 IST" duration-ms="245" status="PASS">
          <reporter-output>
          </reporter-output>
        </test-method> <!-- Driver_Exit -->
        <test-method is-config="true" signature="tearDown()[pri:0, instance:testcases.Testcases_Jenkins@5677323c]" started-at="2023-07-27T11:00:36 IST" name="tearDown" finished-at="2023-07-27T11:00:36 IST" duration-ms="0" status="PASS">
          <reporter-output>
          </reporter-output>
        </test-method> <!-- tearDown -->
        <test-method is-config="true" signature="Driver_Setup()[pri:0, instance:testcases.Testcases_Jenkins@5677323c]" started-at="2023-07-27T11:00:36 IST" name="Driver_Setup" finished-at="2023-07-27T11:01:02 IST" duration-ms="26116" status="PASS">
          <reporter-output>
          </reporter-output>
        </test-method> <!-- Driver_Setup -->
        <test-method signature="Verify_UsernamePassword_Labels_LoginPage()[pri:0, instance:testcases.Testcases_Jenkins@5677323c]" started-at="2023-07-27T11:01:02 IST" name="Verify_UsernamePassword_Labels_LoginPage" finished-at="2023-07-27T11:01:02 IST" duration-ms="60" status="PASS">
          <reporter-output>
          </reporter-output>
        </test-method> <!-- Verify_UsernamePassword_Labels_LoginPage -->
        <test-method is-config="true" signature="Driver_Exit()[pri:0, instance:testcases.Testcases_Jenkins@5677323c]" started-at="2023-07-27T11:01:02 IST" name="Driver_Exit" finished-at="2023-07-27T11:01:02 IST" duration-ms="254" status="PASS">
          <reporter-output>
          </reporter-output>
        </test-method> <!-- Driver_Exit -->
        <test-method is-config="true" signature="tearDown()[pri:0, instance:testcases.Testcases_Jenkins@5677323c]" started-at="2023-07-27T11:01:02 IST" name="tearDown" finished-at="2023-07-27T11:01:02 IST" duration-ms="1" status="PASS">
          <reporter-output>
          </reporter-output>
        </test-method> <!-- tearDown -->
      </class> <!-- testcases.Testcases_Jenkins -->
    </test> <!-- Default test -->
  </suite> <!-- Default suite -->
</testng-results>
